
Showing logs for build [32mcb-kubecd-environment-pr-191-61-qmz6j-1[0m stage [32mfrom-build-pack[0m and container [32mstep-credential-initializer-zxnmj[0m
{"level":"warn","ts":1585384673.6025777,"logger":"fallback-logger","caller":"logging/config.go:69","msg":"Fetch GitHub commit ID from kodata failed: \"ref: refs/heads/0.8.0-**-support-backwards-incompats\" is not a valid GitHub commit ID"}
{"level":"info","ts":1585384673.6034627,"logger":"fallback-logger","caller":"creds-init/main.go:40","msg":"Credentials initialized."}

Showing logs for build [32mcb-kubecd-environment-pr-191-61-qmz6j-1[0m stage [32mfrom-build-pack[0m and container [32mstep-working-dir-initializer-h6lxq[0m
{"level":"warn","ts":1585384674.670028,"logger":"fallback-logger","caller":"logging/config.go:69","msg":"Fetch GitHub commit ID from kodata failed: open /var/run/ko/HEAD: no such file or directory"}
{"level":"info","ts":1585384674.6722293,"logger":"fallback-logger","caller":"bash/main.go:64","msg":"Successfully executed command \"sh -c mkdir -p /workspace/source\"; output "}

Showing logs for build [32mcb-kubecd-environment-pr-191-61-qmz6j-1[0m stage [32mfrom-build-pack[0m and container [32mstep-place-tools[0m

Showing logs for build [32mcb-kubecd-environment-pr-191-61-qmz6j-1[0m stage [32mfrom-build-pack[0m and container [32mstep-git-source-cb-kubecd-environment-pr-191-61-qmz6j-s822k[0m
{"level":"warn","ts":1585384678.769285,"logger":"fallback-logger","caller":"logging/config.go:69","msg":"Fetch GitHub commit ID from kodata failed: \"ref: refs/heads/0.8.0-**-support-backwards-incompats\" is not a valid GitHub commit ID"}
{"level":"info","ts":1585384679.9003851,"logger":"fallback-logger","caller":"git/git.go:103","msg":"Successfully cloned https://github.com/cb-kubecd/environment-pr-191-61-boot-gke-production.git @ master in path /workspace/source"}

Showing logs for build [32mcb-kubecd-environment-pr-191-61-qmz6j-1[0m stage [32mfrom-build-pack[0m and container [32mstep-git-merge[0m
Using SHAs from PULL_REFS=master:fb69e07fdc1cc7750687abe9e21518540872d827,1:c67c90114e055eecbebea1db780d1e6d4cd64aa9
DEBUG: LC_ALL=C JX_LOG_LEVEL=error git fetch origin --unshallow c67c90114e055eecbebea1db780d1e6d4cd64aa9: fb69e07fdc1cc7750687abe9e21518540872d827:
DEBUG: ran git fetch --unshallow origin c67c90114e055eecbebea1db780d1e6d4cd64aa9: fb69e07fdc1cc7750687abe9e21518540872d827: in 
DEBUG: LC_ALL=C JX_LOG_LEVEL=error git branch
DEBUG: LC_ALL=C JX_LOG_LEVEL=error git checkout master
DEBUG: ran git checkout master in 
DEBUG: LC_ALL=C JX_LOG_LEVEL=error git reset --hard fb69e07fdc1cc7750687abe9e21518540872d827
DEBUG: ran git reset --hard fb69e07fdc1cc7750687abe9e21518540872d827 in 
DEBUG: LC_ALL=C JX_LOG_LEVEL=error git clean -fd .
DEBUG: ran clean --force -d . in 
DEBUG: LC_ALL=C JX_LOG_LEVEL=error git merge c67c90114e055eecbebea1db780d1e6d4cd64aa9
DEBUG: ran git merge c67c90114e055eecbebea1db780d1e6d4cd64aa9 in 
DEBUG: LC_ALL=C JX_LOG_LEVEL=error git log --format=%H%x1f%an%x1f%ae%x1f%cn%x1f%ce%x1f%s%n%b%x1e fb69e07fdc1cc7750687abe9e21518540872d827..HEAD
Merged SHA c67c90114e055eecbebea1db780d1e6d4cd64aa9 with commit message 'chore: Promote bdd-spring-1585383765 to version 0.0.1' into base branch master

Showing logs for build [32mcb-kubecd-environment-pr-191-61-qmz6j-1[0m stage [32mfrom-build-pack[0m and container [32mstep-build-helm-build[0m
WARNING: No $CHART_REPOSITORY defined so using the default value of: http://jenkins-x-chartmuseum:8080
Adding missing Helm repo: storage.googleapis.com https://storage.googleapis.com/chartmuseum.jenkins-x.io
WARNING: No secrets found on "helm/repos" due: reading the secret "helm/repos" from vault: no secret "helm/repos" not found in vault
Read credentials for https://storage.googleapis.com/chartmuseum.jenkins-x.io from vault helm/repos
Successfully added Helm repository storage.googleapis.com.
Adding missing Helm repo: jenkins-x-chartmuseum http://jenkins-x-chartmuseum:8080
WARNING: No secrets found on "helm/repos" due: reading the secret "helm/repos" from vault: no secret "helm/repos" not found in vault
Read credentials for http://jenkins-x-chartmuseum:8080 from vault helm/repos
Successfully added Helm repository jenkins-x-chartmuseum.
WARNING: No $CHART_REPOSITORY defined so using the default value of: http://jenkins-x-chartmuseum:8080
Adding missing Helm repo: chartmuseum.jenkins-x.io http://chartmuseum.jenkins-x.io
WARNING: No secrets found on "helm/repos" due: reading the secret "helm/repos" from vault: no secret "helm/repos" not found in vault
Read credentials for http://chartmuseum.jenkins-x.io from vault helm/repos
Successfully added Helm repository chartmuseum.jenkins-x.io.
